TN:
SF:src\add.js
FNF:0
FNH:0
DA:1,1
DA:2,1
DA:3,1
DA:4,1
DA:5,1
DA:6,1
DA:7,1
DA:8,1
DA:9,1
DA:10,1
DA:11,1
DA:12,1
DA:13,1
DA:14,1
DA:15,1
DA:16,1
DA:17,1
DA:18,1
LF:18
LH:18
BRDA:1,0,0,1
BRDA:16,1,0,9
BRF:2
BRH:2
end_of_record
TN:
SF:src\capitalize.js
FN:17,capitalize
FNF:1
FNH:1
FNDA:10,capitalize
DA:1,1
DA:2,1
DA:3,1
DA:4,1
DA:5,1
DA:6,1
DA:7,1
DA:8,1
DA:9,1
DA:10,1
DA:11,1
DA:12,1
DA:13,1
DA:14,1
DA:15,1
DA:16,1
DA:17,1
DA:18,1
DA:19,1
DA:20,1
LF:20
LH:20
BRDA:1,0,0,1
BRDA:17,1,0,10
BRF:2
BRH:2
end_of_record
TN:
SF:src\isArguments.js
FN:19,isArguments
FNF:1
FNH:1
FNDA:1,isArguments
DA:1,1
DA:2,1
DA:3,1
DA:4,1
DA:5,1
DA:6,1
DA:7,1
DA:8,1
DA:9,1
DA:10,1
DA:11,1
DA:12,1
DA:13,1
DA:14,1
DA:15,1
DA:16,1
DA:17,1
DA:18,1
DA:19,1
DA:20,1
DA:21,1
DA:22,1
DA:23,1
LF:23
LH:23
BRDA:1,0,0,1
BRDA:19,1,0,1
BRF:2
BRH:2
end_of_record
TN:
SF:src\isArrayLike.js
FN:26,isArrayLike
FNF:1
FNH:1
FNDA:14,isArrayLike
DA:1,1
DA:2,1
DA:3,1
DA:4,1
DA:5,1
DA:6,1
DA:7,1
DA:8,1
DA:9,1
DA:10,1
DA:11,1
DA:12,1
DA:13,1
DA:14,1
DA:15,1
DA:16,1
DA:17,1
DA:18,1
DA:19,1
DA:20,1
DA:21,1
DA:22,1
DA:23,1
DA:24,1
DA:25,1
DA:26,14
DA:27,14
DA:28,14
DA:29,1
DA:30,1
LF:30
LH:30
BRDA:1,0,0,1
BRDA:26,1,0,14
BRF:2
BRH:2
end_of_record
TN:
SF:src\isBoolean.js
FN:19,isBoolean
FNF:1
FNH:1
FNDA:12,isBoolean
DA:1,1
DA:2,1
DA:3,1
DA:4,1
DA:5,1
DA:6,1
DA:7,1
DA:8,1
DA:9,1
DA:10,1
DA:11,1
DA:12,1
DA:13,1
DA:14,1
DA:15,1
DA:16,1
DA:17,1
DA:18,1
DA:19,12
DA:20,12
DA:21,10
DA:22,12
DA:23,1
DA:24,1
LF:24
LH:24
BRDA:1,0,0,1
BRDA:19,1,0,12
BRDA:20,2,0,11
BRDA:20,3,0,10
BRDA:21,4,0,2
BRF:5
BRH:5
end_of_record
TN:
SF:src\isBuffer.js
FN:33,isBuffer
FNF:1
FNH:1
FNDA:3,isBuffer
DA:1,1
DA:2,1
DA:3,1
DA:4,1
DA:5,1
DA:6,1
DA:7,1
DA:8,1
DA:9,1
DA:10,1
DA:11,1
DA:12,1
DA:13,1
DA:14,1
DA:15,1
DA:16,1
DA:17,1
DA:18,1
DA:19,1
DA:20,1
DA:21,1
DA:22,1
DA:23,1
DA:24,1
DA:25,1
DA:26,1
DA:27,1
DA:28,1
DA:29,1
DA:30,1
DA:31,1
DA:32,1
DA:33,1
DA:34,1
DA:35,1
LF:35
LH:35
BRDA:1,0,0,1
BRDA:4,1,0,0
BRDA:4,2,0,0
BRDA:4,3,0,0
BRDA:7,4,0,0
BRDA:7,5,0,0
BRDA:7,6,0,0
BRDA:7,7,0,0
BRDA:10,8,0,0
BRDA:13,9,0,0
BRDA:16,10,0,0
BRDA:33,11,0,3
BRF:12
BRH:2
end_of_record
TN:
SF:src\isEmpty.js
FN:45,isEmpty
FNF:1
FNH:1
FNDA:16,isEmpty
DA:1,1
DA:2,1
DA:3,1
DA:4,1
DA:5,1
DA:6,1
DA:7,1
DA:8,1
DA:9,1
DA:10,1
DA:11,1
DA:12,1
DA:13,1
DA:14,1
DA:15,1
DA:16,1
DA:17,1
DA:18,1
DA:19,1
DA:20,1
DA:21,1
DA:22,1
DA:23,1
DA:24,1
DA:25,1
DA:26,1
DA:27,1
DA:28,1
DA:29,1
DA:30,1
DA:31,1
DA:32,1
DA:33,1
DA:34,1
DA:35,1
DA:36,1
DA:37,1
DA:38,1
DA:39,1
DA:40,1
DA:41,1
DA:42,1
DA:43,1
DA:44,1
DA:45,16
DA:46,16
DA:47,2
DA:48,2
DA:49,16
DA:50,7
DA:51,16
DA:52,7
DA:53,7
DA:54,7
DA:55,16
DA:56,2
DA:57,2
DA:58,16
DA:59,0
DA:60,0
DA:61,16
DA:62,1
DA:63,1
DA:64,1
DA:65,1
DA:66,4
DA:67,16
DA:68,1
DA:69,1
LF:69
LH:67
BRDA:1,0,0,1
BRDA:45,1,0,16
BRDA:46,2,0,2
BRDA:49,3,0,14
BRDA:49,4,0,7
BRDA:50,5,0,5
BRDA:50,6,0,3
BRDA:50,7,0,3
BRDA:51,8,0,3
BRDA:51,9,0,1
BRDA:51,10,0,7
BRDA:55,11,0,6
BRDA:55,12,0,2
BRDA:58,13,0,5
BRDA:58,14,0,0
BRDA:61,15,0,5
BRDA:61,16,0,1
BRDA:66,17,0,4
BRF:18
BRH:17
end_of_record
TN:
SF:src\isLength.js
FN:28,isLength
FNF:1
FNH:1
FNDA:26,isLength
DA:1,1
DA:2,1
DA:3,1
DA:4,1
DA:5,1
DA:6,1
DA:7,1
DA:8,1
DA:9,1
DA:10,1
DA:11,1
DA:12,1
DA:13,1
DA:14,1
DA:15,1
DA:16,1
DA:17,1
DA:18,1
DA:19,1
DA:20,1
DA:21,1
DA:22,1
DA:23,1
DA:24,1
DA:25,1
DA:26,1
DA:27,1
DA:28,26
DA:29,26
DA:30,26
DA:31,26
DA:32,1
DA:33,1
LF:33
LH:33
BRDA:1,0,0,1
BRDA:28,1,0,26
BRDA:29,2,0,12
BRDA:30,3,0,11
BRDA:30,4,0,8
BRF:5
BRH:5
end_of_record
TN:
SF:src\isObject.js
FN:24,isObject
FNF:1
FNH:1
FNDA:6,isObject
DA:1,1
DA:2,1
DA:3,1
DA:4,1
DA:5,1
DA:6,1
DA:7,1
DA:8,1
DA:9,1
DA:10,1
DA:11,1
DA:12,1
DA:13,1
DA:14,1
DA:15,1
DA:16,1
DA:17,1
DA:18,1
DA:19,1
DA:20,1
DA:21,1
DA:22,1
DA:23,1
DA:24,6
DA:25,6
DA:26,6
DA:27,6
DA:28,1
DA:29,1
LF:29
LH:29
BRDA:1,0,0,1
BRDA:24,1,0,6
BRDA:26,2,0,2
BRF:3
BRH:3
end_of_record
TN:
SF:src\isObjectLike.js
FN:23,isObjectLike
FNF:1
FNH:1
FNDA:14,isObjectLike
DA:1,1
DA:2,1
DA:3,1
DA:4,1
DA:5,1
DA:6,1
DA:7,1
DA:8,1
DA:9,1
DA:10,1
DA:11,1
DA:12,1
DA:13,1
DA:14,1
DA:15,1
DA:16,1
DA:17,1
DA:18,1
DA:19,1
DA:20,1
DA:21,1
DA:22,1
DA:23,14
DA:24,14
DA:25,14
DA:26,1
DA:27,1
LF:27
LH:27
BRDA:1,0,0,1
BRDA:23,1,0,14
BRDA:24,2,0,7
BRF:3
BRH:3
end_of_record
TN:
SF:src\isSymbol.js
FN:18,isSymbol
FNF:1
FNH:1
FNDA:24,isSymbol
DA:1,1
DA:2,1
DA:3,1
DA:4,1
DA:5,1
DA:6,1
DA:7,1
DA:8,1
DA:9,1
DA:10,1
DA:11,1
DA:12,1
DA:13,1
DA:14,1
DA:15,1
DA:16,1
DA:17,1
DA:18,24
DA:19,24
DA:20,24
DA:21,24
DA:22,1
DA:23,1
LF:23
LH:23
BRDA:1,0,0,1
BRDA:18,1,0,24
BRDA:20,2,0,22
BRDA:20,3,0,5
BRDA:20,4,0,4
BRF:5
BRH:5
end_of_record
TN:
SF:src\isTypedArray.js
FN:28,isTypedArray
FNF:1
FNH:1
FNDA:3,isTypedArray
DA:1,1
DA:2,1
DA:3,1
DA:4,1
DA:5,1
DA:6,1
DA:7,1
DA:8,1
DA:9,1
DA:10,1
DA:11,1
DA:12,1
DA:13,1
DA:14,1
DA:15,1
DA:16,1
DA:17,1
DA:18,1
DA:19,1
DA:20,1
DA:21,1
DA:22,1
DA:23,1
DA:24,1
DA:25,1
DA:26,1
DA:27,1
DA:28,1
DA:29,1
DA:30,1
LF:30
LH:30
BRDA:1,0,0,1
BRDA:9,1,0,0
BRDA:27,2,0,0
BRDA:28,3,0,3
BRF:4
BRH:2
end_of_record
TN:
SF:src\slice.js
FN:21,slice
FNF:1
FNH:0
FNDA:0,slice
DA:1,1
DA:2,1
DA:3,1
DA:4,1
DA:5,1
DA:6,1
DA:7,1
DA:8,1
DA:9,1
DA:10,1
DA:11,1
DA:12,1
DA:13,1
DA:14,1
DA:15,1
DA:16,1
DA:17,1
DA:18,1
DA:19,1
DA:20,1
DA:21,0
DA:22,0
DA:23,0
DA:24,0
DA:25,0
DA:26,0
DA:27,0
DA:28,0
DA:29,0
DA:30,0
DA:31,0
DA:32,0
DA:33,0
DA:34,0
DA:35,0
DA:36,0
DA:37,0
DA:38,0
DA:39,0
DA:40,0
DA:41,0
DA:42,0
DA:43,0
DA:44,0
DA:45,1
DA:46,1
LF:46
LH:22
BRDA:1,0,0,1
BRF:1
BRH:1
end_of_record
TN:
SF:src\toFinite.js
FN:28,toFinite
FNF:1
FNH:1
FNDA:13,toFinite
DA:1,1
DA:2,1
DA:3,1
DA:4,1
DA:5,1
DA:6,1
DA:7,1
DA:8,1
DA:9,1
DA:10,1
DA:11,1
DA:12,1
DA:13,1
DA:14,1
DA:15,1
DA:16,1
DA:17,1
DA:18,1
DA:19,1
DA:20,1
DA:21,1
DA:22,1
DA:23,1
DA:24,1
DA:25,1
DA:26,1
DA:27,1
DA:28,13
DA:29,13
DA:30,4
DA:31,4
DA:32,9
DA:33,13
DA:34,1
DA:35,1
DA:36,1
DA:37,13
DA:38,13
DA:39,1
DA:40,1
LF:40
LH:40
BRDA:1,0,0,1
BRDA:28,1,0,13
BRDA:29,2,0,4
BRDA:30,3,0,0
BRDA:32,4,0,9
BRDA:33,5,0,8
BRDA:33,6,0,1
BRDA:34,7,0,0
BRDA:37,8,0,8
BRDA:37,9,0,6
BRDA:37,10,0,2
BRF:11
BRH:9
end_of_record
TN:
SF:src\toInteger.js
FN:28,toInteger
FNF:1
FNH:1
FNDA:13,toInteger
DA:1,1
DA:2,1
DA:3,1
DA:4,1
DA:5,1
DA:6,1
DA:7,1
DA:8,1
DA:9,1
DA:10,1
DA:11,1
DA:12,1
DA:13,1
DA:14,1
DA:15,1
DA:16,1
DA:17,1
DA:18,1
DA:19,1
DA:20,1
DA:21,1
DA:22,1
DA:23,1
DA:24,1
DA:25,1
DA:26,1
DA:27,1
DA:28,13
DA:29,13
DA:30,13
DA:31,13
DA:32,13
DA:33,13
DA:34,1
DA:35,1
LF:35
LH:35
BRDA:1,0,0,1
BRDA:28,1,0,13
BRDA:32,2,0,4
BRDA:32,3,0,9
BRF:4
BRH:4
end_of_record
TN:
SF:src\toNumber.js
FN:44,toNumber
FNF:1
FNH:1
FNDA:9,toNumber
DA:1,1
DA:2,1
DA:3,1
DA:4,1
DA:5,1
DA:6,1
DA:7,1
DA:8,1
DA:9,1
DA:10,1
DA:11,1
DA:12,1
DA:13,1
DA:14,1
DA:15,1
DA:16,1
DA:17,1
DA:18,1
DA:19,1
DA:20,1
DA:21,1
DA:22,1
DA:23,1
DA:24,1
DA:25,1
DA:26,1
DA:27,1
DA:28,1
DA:29,1
DA:30,1
DA:31,1
DA:32,1
DA:33,1
DA:34,1
DA:35,1
DA:36,1
DA:37,1
DA:38,1
DA:39,1
DA:40,1
DA:41,1
DA:42,1
DA:43,1
DA:44,9
DA:45,9
DA:46,5
DA:47,5
DA:48,9
DA:49,0
DA:50,0
DA:51,9
DA:52,2
DA:53,2
DA:54,2
DA:55,9
DA:56,1
DA:57,1
DA:58,3
DA:59,3
DA:60,9
DA:61,9
DA:62,9
DA:63,9
DA:64,1
DA:65,1
LF:65
LH:63
BRDA:1,0,0,1
BRDA:44,1,0,9
BRDA:45,2,0,5
BRDA:48,3,0,4
BRDA:48,4,0,0
BRDA:51,5,0,4
BRDA:51,6,0,2
BRDA:52,7,0,0
BRDA:53,8,0,0
BRDA:55,9,0,4
BRDA:55,10,0,1
BRDA:56,11,0,0
BRDA:58,12,0,3
BRDA:61,13,0,0
BRDA:62,14,0,3
BRDA:62,15,0,0
BRF:16
BRH:10
end_of_record
TN:
SF:src\toString.js
FN:25,toString
FNF:1
FNH:1
FNDA:25,toString
DA:1,1
DA:2,1
DA:3,1
DA:4,1
DA:5,1
DA:6,1
DA:7,1
DA:8,1
DA:9,1
DA:10,1
DA:11,1
DA:12,1
DA:13,1
DA:14,1
DA:15,1
DA:16,1
DA:17,1
DA:18,1
DA:19,1
DA:20,1
DA:21,1
DA:22,1
DA:23,1
DA:24,1
DA:25,25
DA:26,25
DA:27,25
DA:28,25
DA:29,10
DA:30,10
DA:31,25
DA:32,4
DA:33,4
DA:34,4
DA:35,25
DA:36,1
DA:37,1
DA:38,10
DA:39,25
DA:40,25
DA:41,1
DA:42,1
LF:42
LH:42
BRDA:1,0,0,1
BRDA:25,1,0,25
BRDA:28,2,0,10
BRDA:31,3,0,15
BRDA:31,4,0,4
BRDA:35,5,0,11
BRDA:35,6,0,1
BRDA:38,7,0,10
BRDA:39,8,0,1
BRDA:39,9,0,1
BRDA:39,10,0,9
BRDA:33,11,0,8
BRDA:33,12,0,0
BRF:13
BRH:12
end_of_record
TN:
SF:src\upperFirst.js
FNF:0
FNH:0
DA:1,1
DA:2,1
DA:3,1
DA:4,1
DA:5,1
DA:6,1
DA:7,1
DA:8,1
DA:9,1
DA:10,1
DA:11,1
DA:12,1
DA:13,1
DA:14,1
DA:15,1
DA:16,1
DA:17,1
DA:18,1
DA:19,1
DA:20,1
DA:21,1
LF:21
LH:21
BRDA:1,0,0,1
BRF:1
BRH:1
end_of_record
TN:
SF:src\.internal\asciiToArray.js
FN:8,asciiToArray
FNF:1
FNH:0
FNDA:0,asciiToArray
DA:1,1
DA:2,1
DA:3,1
DA:4,1
DA:5,1
DA:6,1
DA:7,1
DA:8,0
DA:9,0
DA:10,0
DA:11,1
DA:12,1
LF:12
LH:9
BRDA:1,0,0,1
BRF:1
BRH:1
end_of_record
TN:
SF:src\.internal\baseToNumber.js
FN:14,baseToNumber
FNF:1
FNH:1
FNDA:18,baseToNumber
DA:1,1
DA:2,1
DA:3,1
DA:4,1
DA:5,1
DA:6,1
DA:7,1
DA:8,1
DA:9,1
DA:10,1
DA:11,1
DA:12,1
DA:13,1
DA:14,18
DA:15,18
DA:16,18
DA:17,18
DA:18,0
DA:19,0
DA:20,0
DA:21,0
DA:22,18
DA:23,1
DA:24,1
LF:24
LH:20
BRDA:1,0,0,1
BRDA:14,1,0,18
BRDA:18,2,0,0
BRF:3
BRH:2
end_of_record
TN:
SF:src\.internal\baseToString.js
FN:17,baseToString
FNF:1
FNH:0
FNDA:0,baseToString
DA:1,1
DA:2,1
DA:3,1
DA:4,1
DA:5,1
DA:6,1
DA:7,1
DA:8,1
DA:9,1
DA:10,1
DA:11,1
DA:12,1
DA:13,1
DA:14,1
DA:15,1
DA:16,1
DA:17,0
DA:18,0
DA:19,0
DA:20,0
DA:21,0
DA:22,0
DA:23,0
DA:24,0
DA:25,0
DA:26,0
DA:27,0
DA:28,0
DA:29,0
DA:30,0
DA:31,0
DA:32,1
DA:33,1
LF:33
LH:18
BRDA:1,0,0,1
BRF:1
BRH:1
end_of_record
TN:
SF:src\.internal\castSlice.js
FN:12,castSlice
FNF:1
FNH:0
FNDA:0,castSlice
DA:1,1
DA:2,1
DA:3,1
DA:4,1
DA:5,1
DA:6,1
DA:7,1
DA:8,1
DA:9,1
DA:10,1
DA:11,1
DA:12,0
DA:13,0
DA:14,0
DA:15,0
DA:16,0
DA:17,1
DA:18,1
LF:18
LH:13
BRDA:1,0,0,1
BRF:1
BRH:1
end_of_record
TN:
SF:src\.internal\createCaseFirst.js
FN:12,createCaseFirst
FNF:1
FNH:1
FNDA:1,createCaseFirst
DA:1,1
DA:2,1
DA:3,1
DA:4,1
DA:5,1
DA:6,1
DA:7,1
DA:8,1
DA:9,1
DA:10,1
DA:11,1
DA:12,1
DA:13,1
DA:14,10
DA:15,1
DA:16,1
DA:17,9
DA:18,9
DA:19,10
DA:20,10
DA:21,10
DA:22,10
DA:23,10
DA:24,10
DA:25,10
DA:26,10
DA:27,10
DA:28,10
DA:29,10
DA:30,10
DA:31,10
DA:32,1
DA:33,1
DA:34,1
LF:34
LH:34
BRDA:1,0,0,1
BRDA:12,1,0,1
BRDA:13,2,0,10
BRDA:14,3,0,1
BRDA:17,4,0,9
BRDA:19,5,0,0
BRDA:20,6,0,9
BRDA:23,7,0,0
BRDA:24,8,0,9
BRDA:27,9,0,0
BRDA:28,10,0,9
BRF:11
BRH:8
end_of_record
TN:
SF:src\.internal\createMathOperation.js
FN:12,createMathOperation
FNF:1
FNH:1
FNDA:1,createMathOperation
DA:1,1
DA:2,1
DA:3,1
DA:4,1
DA:5,1
DA:6,1
DA:7,1
DA:8,1
DA:9,1
DA:10,1
DA:11,1
DA:12,1
DA:13,1
DA:14,9
DA:15,0
DA:16,0
DA:17,9
DA:18,0
DA:19,0
DA:20,9
DA:21,0
DA:22,0
DA:23,9
DA:24,0
DA:25,0
DA:26,0
DA:27,9
DA:28,9
DA:29,9
DA:30,9
DA:31,9
DA:32,9
DA:33,1
DA:34,1
DA:35,1
LF:35
LH:26
BRDA:1,0,0,1
BRDA:12,1,0,1
BRDA:13,2,0,9
BRDA:14,3,0,0
BRDA:14,4,0,0
BRDA:17,5,0,0
BRDA:20,6,0,0
BRDA:23,7,0,0
BRF:8
BRH:3
end_of_record
TN:
SF:src\.internal\freeGlobal.js
FNF:0
FNH:0
DA:1,1
DA:2,1
DA:3,1
DA:4,1
LF:4
LH:4
BRDA:1,0,0,1
BRF:1
BRH:1
end_of_record
TN:
SF:src\.internal\getTag.js
FN:10,getTag
FNF:1
FNH:1
FNDA:17,getTag
DA:1,1
DA:2,1
DA:3,1
DA:4,1
DA:5,1
DA:6,1
DA:7,1
DA:8,1
DA:9,1
DA:10,17
DA:11,17
DA:12,0
DA:13,0
DA:14,17
DA:15,17
DA:16,1
DA:17,1
LF:17
LH:15
BRDA:1,0,0,1
BRDA:10,1,0,17
BRDA:11,2,0,0
BRF:3
BRH:2
end_of_record
TN:
SF:src\.internal\hasUnicode.js
FN:24,hasUnicode
FNF:1
FNH:1
FNDA:9,hasUnicode
DA:1,1
DA:2,1
DA:3,1
DA:4,1
DA:5,1
DA:6,1
DA:7,1
DA:8,1
DA:9,1
DA:10,1
DA:11,1
DA:12,1
DA:13,1
DA:14,1
DA:15,1
DA:16,1
DA:17,1
DA:18,1
DA:19,1
DA:20,1
DA:21,1
DA:22,1
DA:23,1
DA:24,9
DA:25,9
DA:26,9
DA:27,1
DA:28,1
LF:28
LH:28
BRDA:1,0,0,1
BRDA:24,1,0,9
BRF:2
BRH:2
end_of_record
TN:
SF:src\.internal\isPrototype.js
FN:11,isPrototype
FNF:1
FNH:1
FNDA:5,isPrototype
DA:1,1
DA:2,1
DA:3,1
DA:4,1
DA:5,1
DA:6,1
DA:7,1
DA:8,1
DA:9,1
DA:10,1
DA:11,5
DA:12,5
DA:13,5
DA:14,5
DA:15,5
DA:16,5
DA:17,1
DA:18,1
LF:18
LH:18
BRDA:1,0,0,1
BRDA:11,1,0,5
BRDA:13,2,0,4
BRDA:13,3,0,1
BRF:4
BRH:4
end_of_record
TN:
SF:src\.internal\nodeTypes.js
FNF:0
FNH:0
DA:1,1
DA:2,1
DA:3,1
DA:4,1
DA:5,1
DA:6,1
DA:7,1
DA:8,1
DA:9,1
DA:10,1
DA:11,1
DA:12,1
DA:13,1
DA:14,1
DA:15,1
DA:16,1
DA:17,1
DA:18,1
DA:19,1
DA:20,1
DA:21,1
DA:22,1
DA:23,1
DA:24,1
DA:25,1
DA:26,1
DA:27,1
DA:28,1
LF:28
LH:28
BRDA:1,0,0,1
BRDA:4,1,0,0
BRDA:4,2,0,0
BRDA:4,3,0,0
BRDA:7,4,0,0
BRDA:7,5,0,0
BRDA:7,6,0,0
BRDA:7,7,0,0
BRDA:10,8,0,0
BRDA:13,9,0,0
BRDA:16,10,0,1
BRDA:20,11,0,0
BRDA:20,12,0,0
BRDA:22,13,0,0
BRDA:24,14,0,0
BRDA:24,15,0,0
BRDA:25,16,0,0
BRF:17
BRH:2
end_of_record
TN:
SF:src\.internal\root.js
FNF:0
FNH:0
DA:1,1
DA:2,1
DA:3,1
DA:4,1
DA:5,1
DA:6,1
DA:7,1
DA:8,1
DA:9,1
DA:10,1
DA:11,1
DA:12,1
DA:13,1
LF:13
LH:13
BRDA:1,0,0,1
BRDA:8,1,0,0
BRDA:8,2,0,0
BRDA:8,3,0,0
BRDA:11,4,0,0
BRDA:11,5,0,0
BRDA:11,6,0,0
BRF:7
BRH:1
end_of_record
TN:
SF:src\.internal\stringToArray.js
FN:12,stringToArray
FNF:1
FNH:0
FNDA:0,stringToArray
DA:1,1
DA:2,1
DA:3,1
DA:4,1
DA:5,1
DA:6,1
DA:7,1
DA:8,1
DA:9,1
DA:10,1
DA:11,1
DA:12,0
DA:13,0
DA:14,0
DA:15,0
DA:16,0
DA:17,1
DA:18,1
LF:18
LH:13
BRDA:1,0,0,1
BRF:1
BRH:1
end_of_record
TN:
SF:src\.internal\unicodeToArray.js
FN:39,unicodeToArray
FNF:1
FNH:0
FNDA:0,unicodeToArray
DA:1,1
DA:2,1
DA:3,1
DA:4,1
DA:5,1
DA:6,1
DA:7,1
DA:8,1
DA:9,1
DA:10,1
DA:11,1
DA:12,1
DA:13,1
DA:14,1
DA:15,1
DA:16,1
DA:17,1
DA:18,1
DA:19,1
DA:20,1
DA:21,1
DA:22,1
DA:23,1
DA:24,1
DA:25,1
DA:26,1
DA:27,1
DA:28,1
DA:29,1
DA:30,1
DA:31,1
DA:32,1
DA:33,1
DA:34,1
DA:35,1
DA:36,1
DA:37,1
DA:38,1
DA:39,0
DA:40,0
DA:41,0
DA:42,1
DA:43,1
LF:43
LH:40
BRDA:1,0,0,1
BRF:1
BRH:1
end_of_record
